<?xml version="1.0" encoding="UTF-8"?>
<!-- Generated by org.testng.reporters.JUnitReportReporter -->
<testsuite hostname="DESKTOP-47A802P" failures="0" tests="2" name="TestCases.DeductionTest" time="26.734" errors="0" timestamp="2022-08-02T15:45:16 IST" skipped="0">
  <testcase classname="TestCases.DeductionTest" name="viewDeduction" time="13.959"/>
  <system-out/>
  <testcase classname="TestCases.DeductionTest" name="cliconedit_Deduction" time="12.775"/>
  <system-out/>
</testsuite> <!-- TestCases.DeductionTest -->
