<?xml version="1.0" encoding="UTF-8"?>
<!-- Generated by org.testng.reporters.JUnitReportReporter -->
<testsuite hostname="DESKTOP-47A802P" failures="0" tests="2" name="TestCases.AddDeductionTest" time="29.185" errors="0" timestamp="2022-08-02T15:45:16 IST" skipped="0">
  <testcase classname="TestCases.AddDeductionTest" name="addWorkerDeduction" time="16.682"/>
  <system-out/>
  <testcase classname="TestCases.AddDeductionTest" name="withoutfillMandatoryFeild" time="12.503"/>
  <system-out/>
</testsuite> <!-- TestCases.AddDeductionTest -->
