<?xml version="1.0" encoding="UTF-8"?>
<!-- Generated by org.testng.reporters.JUnitReportReporter -->
<testsuite hostname="DESKTOP-47A802P" failures="0" tests="1" name="TestCases.WorkerTest" time="9.011" errors="0" timestamp="2022-08-02T15:45:16 IST" skipped="0">
  <testcase classname="TestCases.WorkerTest" name="searchworkerpageTest" time="9.011"/>
  <system-out/>
</testsuite> <!-- TestCases.WorkerTest -->
