<?xml version="1.0" encoding="UTF-8"?>
<!-- Generated by org.testng.reporters.JUnitReportReporter -->
<testsuite hostname="DESKTOP-47A802P" failures="0" tests="6" name="TestCases.LoginTest" time="63.164" errors="0" timestamp="2022-08-02T15:45:16 IST" skipped="0">
  <testcase classname="TestCases.LoginTest" name="LoginTest" time="6.591"/>
  <system-out/>
  <testcase classname="TestCases.LoginTest" name="BothInvalid" time="35.614"/>
  <system-out/>
  <testcase classname="TestCases.LoginTest" name="InvalidPassword" time="7.662"/>
  <system-out/>
  <testcase classname="TestCases.LoginTest" name="InvalidPassword" time="4.862"/>
  <system-out/>
  <testcase classname="TestCases.LoginTest" name="InvalidUserName" time="3.851"/>
  <system-out/>
  <testcase classname="TestCases.LoginTest" name="Emptyuserpass" time="4.584"/>
  <system-out/>
</testsuite> <!-- TestCases.LoginTest -->
