<?xml version="1.0" encoding="UTF-8"?>
<!-- Generated by org.testng.reporters.JUnitReportReporter -->
<testsuite hostname="DESKTOP-47A802P" failures="0" tests="3" name="TestCases.ClientTest" time="26.627" errors="0" timestamp="2022-08-02T15:45:16 IST" skipped="0">
  <testcase classname="TestCases.ClientTest" name="searchclientpageTest" time="8.820"/>
  <system-out/>
  <testcase classname="TestCases.ClientTest" name="viewclient" time="9.562"/>
  <system-out/>
  <testcase classname="TestCases.ClientTest" name="updateclient" time="8.245"/>
  <system-out/>
</testsuite> <!-- TestCases.ClientTest -->
