<?xml version="1.0" encoding="UTF-8"?>
<!-- Generated by org.testng.reporters.JUnitReportReporter -->
<testsuite hostname="DESKTOP-47A802P" failures="0" tests="3" name="TestCases.CreateWorkerTest" time="56.539" errors="0" timestamp="2022-08-02T15:45:16 IST" skipped="0">
  <testcase classname="TestCases.CreateWorkerTest" name="fillAllMandatoryFields" time="13.395"/>
  <system-out/>
  <testcase classname="TestCases.CreateWorkerTest" name="withoutFilledMandatoryFields" time="21.428"/>
  <system-out/>
  <testcase classname="TestCases.CreateWorkerTest" name="createNewWorker" time="21.716"/>
  <system-out/>
</testsuite> <!-- TestCases.CreateWorkerTest -->
