<?xml version="1.0" encoding="UTF-8"?>
<!-- Generated by org.testng.reporters.JUnitReportReporter -->
<testsuite hostname="DESKTOP-47A802P" failures="0" tests="3" name="TestCases.CreateClientTest" time="48.884" errors="0" timestamp="2022-08-02T15:45:16 IST" skipped="0">
  <testcase classname="TestCases.CreateClientTest" name="fillAllMandatoryFields" time="17.175"/>
  <system-out/>
  <testcase classname="TestCases.CreateClientTest" name="createNewClient" time="20.151"/>
  <system-out/>
  <testcase classname="TestCases.CreateClientTest" name="withoutFilledMandatoryFields" time="11.558"/>
  <system-out/>
</testsuite> <!-- TestCases.CreateClientTest -->
